<?xml version="1.0" encoding="UTF-8"?>
<!-- Generated by org.testng.reporters.JUnitReportReporter -->
<testsuite hostname="Tufail-Vivo" failures="0" tests="1" name="taseCases.loginApplication" time="10.584" errors="0" timestamp="2020-06-16T13:05:30 EDT" skipped="0">
  <testcase classname="taseCases.loginApplication" name="login" time="10.584"/>
  <system-out/>
</testsuite> <!-- taseCases.loginApplication -->
